<?xml version="1.0" encoding="UTF-8"?>
<testsuite xmlns:xsi="http://www.w3.org/2001/XMLSchema-instance" xsi:noNamespaceSchemaLocation="https://maven.apache.org/surefire/maven-surefire-plugin/xsd/surefire-test-report-3.0.xsd" version="3.0" name="com.mycompany.app.AppTest" time="0.026" tests="5" errors="0" skipped="0" failures="0">
  <properties>
[...]
</properties>
  <testcase name="testFound" classname="com.mycompany.app.AppTest" time="0.007">
    <system-out><![CDATA[inside search
]]></system-out>
  </testcase>
  <testcase name="testApp" classname="com.mycompany.app.AppTest" time="0.0"/>
  <testcase name="testEmptyArray" classname="com.mycompany.app.AppTest" time="0.001">
    <system-out><![CDATA[inside search
]]></system-out>
  </testcase>
  <testcase name="testNull" classname="com.mycompany.app.AppTest" time="0.003">
    <system-out><![CDATA[inside search
]]></system-out>
  </testcase>
  <testcase name="testNotFound" classname="com.mycompany.app.AppTest" time="0.001">
    <system-out><![CDATA[inside search
]]></system-out>
  </testcase>
</testsuite>